<?xml version="1.0" encoding="UTF-8"?>
<!-- Generated by org.testng.reporters.JUnitReportReporter -->
<testsuite hostname="DESKTOP-A91QGQ6" failures="0" tests="4" name="testRunner.Runner" time="92.875" errors="0" timestamp="2024-10-26T11:44:10 IST" skipped="0">
  <testcase classname="testRunner.Runner" name="runScenario" time="21.425">
    <system-out>
      <![CDATA[Supplier-00000006416        Supplier-00000006416
Supplier Number Added Success]]>
    </system-out>
  </testcase> <!-- runScenario -->
  <testcase classname="testRunner.Runner" name="runScenario" time="22.295">
    <system-out>
      <![CDATA[Customer-00000012207       Customer-00000012207]]>
    </system-out>
  </testcase> <!-- runScenario -->
  <testcase classname="testRunner.Runner" name="runScenario" time="26.786">
    <system-out>
      <![CDATA[Supplier-00000006415        Supplier-00000006415
Supplier Number Added Success]]>
    </system-out>
  </testcase> <!-- runScenario -->
  <testcase classname="testRunner.Runner" name="runScenario" time="22.369">
    <system-out>
      <![CDATA[Customer-00000012208       Customer-00000012208]]>
    </system-out>
  </testcase> <!-- runScenario -->
  <system-out>
    <![CDATA[Supplier-00000006415        Supplier-00000006415
Supplier Number Added Success
Supplier-00000006416        Supplier-00000006416
Supplier Number Added Success
Customer-00000012207       Customer-00000012207
Customer-00000012208       Customer-00000012208]]>
  </system-out>
</testsuite> <!-- testRunner.Runner -->
